
0.0.1-beta5

  * add cmd: new -timeout option is sent to backend initialization

  - mh-cbon <mh-cbon@users.noreply.github.com>

-- mh-cbon <mh-cbon@users.noreply.github.com>; Sat, 22 Apr 2017 20:09:32 +0200



0.0.1-beta4

  * backend: fix exit when port is in use

  - mh-cbon <mh-cbon@users.noreply.github.com>

-- mh-cbon <mh-cbon@users.noreply.github.com>; Sat, 22 Apr 2017 19:53:11 +0200



0.0.1-beta3

  * fix handling of -keep argument
  * README

  - mh-cbon <mh-cbon@users.noreply.github.com>

-- mh-cbon <mh-cbon@users.noreply.github.com>; Sat, 22 Apr 2017 19:25:11 +0200



0.0.1-beta2

  * improve cli args, fixed tasks flush

  - mh-cbon <mh-cbon@users.noreply.github.com>

-- mh-cbon <mh-cbon@users.noreply.github.com>; Sat, 22 Apr 2017 18:53:30 +0200



0.0.1-beta1

  * add json output
  * update the README
  * improved -help page

  - mh-cbon <mh-cbon@users.noreply.github.com>

-- mh-cbon <mh-cbon@users.noreply.github.com>; Sat, 22 Apr 2017 18:09:24 +0200



0.0.1-beta

  * init

  - mh-cbon <mh-cbon@users.noreply.github.com>

-- mh-cbon <mh-cbon@users.noreply.github.com>; Sat, 22 Apr 2017 16:19:59 +0200


